\BOOKMARK [0][-]{chapter.1}{Introduction}{}% 1
\BOOKMARK [1][-]{section.1.1}{About SUMAC}{chapter.1}% 2
\BOOKMARK [1][-]{section.1.2}{Citing the Program}{chapter.1}% 3
\BOOKMARK [1][-]{section.1.3}{Installation}{chapter.1}% 4
\BOOKMARK [2][-]{subsection.1.3.1}{Dependencies}{section.1.3}% 5
\BOOKMARK [2][-]{subsection.1.3.2}{Installing Dependencies on Linux}{section.1.3}% 6
\BOOKMARK [2][-]{subsection.1.3.3}{Installing Requirements on Mac}{section.1.3}% 7
\BOOKMARK [2][-]{subsection.1.3.4}{Installing SUMAC}{section.1.3}% 8
\BOOKMARK [1][-]{section.1.4}{License and Warranty}{chapter.1}% 9
\BOOKMARK [0][-]{chapter.2}{Quick Start Tutorial}{}% 10
\BOOKMARK [1][-]{section.2.1}{Construct a Supermatrix}{chapter.2}% 11
\BOOKMARK [1][-]{section.2.2}{Explanation of the Output Files}{chapter.2}% 12
\BOOKMARK [0][-]{chapter.3}{SUMAC in Detail}{}% 13
\BOOKMARK [1][-]{section.3.1}{Downloading GenBank}{chapter.3}% 14
\BOOKMARK [2][-]{subsection.3.1.1}{GenBank Division}{section.3.1}% 15
\BOOKMARK [2][-]{subsection.3.1.2}{GenBank File Path}{section.3.1}% 16
\BOOKMARK [1][-]{section.3.2}{Specifying Ingroup and Outgroup}{chapter.3}% 17
\BOOKMARK [1][-]{section.3.3}{Setting the Number of CPU Cores}{chapter.3}% 18
\BOOKMARK [1][-]{section.3.4}{Using Guide Sequences}{chapter.3}% 19
\BOOKMARK [1][-]{section.3.5}{Homologous Sequence Thresholds}{chapter.3}% 20
\BOOKMARK [2][-]{subsection.3.5.1}{UCLUST ID value}{section.3.5}% 21
\BOOKMARK [2][-]{subsection.3.5.2}{BLAST E-value}{section.3.5}% 22
\BOOKMARK [2][-]{subsection.3.5.3}{Sequence Length Similarity}{section.3.5}% 23
\BOOKMARK [2][-]{subsection.3.5.4}{Minimum and Maximum Sequence Lengths}{section.3.5}% 24
\BOOKMARK [1][-]{section.3.6}{Building Supermatrix from User Edited Alignments}{chapter.3}% 25
\BOOKMARK [1][-]{section.3.7}{Partial Decisiveness}{chapter.3}% 26
\BOOKMARK [1][-]{section.3.8}{Clustering Algorithms}{chapter.3}% 27
\BOOKMARK [1][-]{section.3.9}{Example Supermatrix Figures}{chapter.3}% 28
\BOOKMARK [0][-]{section*.4}{Bibliography}{}% 29
